2024-12-06 13:36:53,458 ERROR: Exception on / [GET] [in /Users/rithv/Data Management/AI Basketball Helper/.venv/lib/python3.12/site-packages/flask/app.py:875]
Traceback (most recent call last):
  File "/Users/rithv/Data Management/AI Basketball Helper/.venv/lib/python3.12/site-packages/flask/app.py", line 1511, in wsgi_app
    response = self.full_dispatch_request()
               ^^^^^^^^^^^^^^^^^^^^^^^^^^^^
  File "/Users/rithv/Data Management/AI Basketball Helper/.venv/lib/python3.12/site-packages/flask/app.py", line 919, in full_dispatch_request
    rv = self.handle_user_exception(e)
         ^^^^^^^^^^^^^^^^^^^^^^^^^^^^^
  File "/Users/rithv/Data Management/AI Basketball Helper/.venv/lib/python3.12/site-packages/flask/app.py", line 917, in full_dispatch_request
    rv = self.dispatch_request()
         ^^^^^^^^^^^^^^^^^^^^^^^
  File "/Users/rithv/Data Management/AI Basketball Helper/.venv/lib/python3.12/site-packages/flask/app.py", line 902, in dispatch_request
    return self.ensure_sync(self.view_functions[rule.endpoint])(**view_args)  # type: ignore[no-any-return]
           ^^^^^^^^^^^^^^^^^^^^^^^^^^^^^^^^^^^^^^^^^^^^^^^^^^^^^^^^^^^^^^^^^
  File "/Users/rithv/Data Management/AI Basketball Helper/src/app.py", line 48, in home
    return render_template('index.html')
           ^^^^^^^^^^^^^^^^^^^^^^^^^^^^^
  File "/Users/rithv/Data Management/AI Basketball Helper/.venv/lib/python3.12/site-packages/flask/templating.py", line 149, in render_template
    template = app.jinja_env.get_or_select_template(template_name_or_list)
               ^^^^^^^^^^^^^^^^^^^^^^^^^^^^^^^^^^^^^^^^^^^^^^^^^^^^^^^^^^^
  File "/Users/rithv/Data Management/AI Basketball Helper/.venv/lib/python3.12/site-packages/jinja2/environment.py", line 1084, in get_or_select_template
    return self.get_template(template_name_or_list, parent, globals)
           ^^^^^^^^^^^^^^^^^^^^^^^^^^^^^^^^^^^^^^^^^^^^^^^^^^^^^^^^^
  File "/Users/rithv/Data Management/AI Basketball Helper/.venv/lib/python3.12/site-packages/jinja2/environment.py", line 1013, in get_template
    return self._load_template(name, globals)
           ^^^^^^^^^^^^^^^^^^^^^^^^^^^^^^^^^^
  File "/Users/rithv/Data Management/AI Basketball Helper/.venv/lib/python3.12/site-packages/jinja2/environment.py", line 972, in _load_template
    template = self.loader.load(self, name, self.make_globals(globals))
               ^^^^^^^^^^^^^^^^^^^^^^^^^^^^^^^^^^^^^^^^^^^^^^^^^^^^^^^^
  File "/Users/rithv/Data Management/AI Basketball Helper/.venv/lib/python3.12/site-packages/jinja2/loaders.py", line 126, in load
    source, filename, uptodate = self.get_source(environment, name)
                                 ^^^^^^^^^^^^^^^^^^^^^^^^^^^^^^^^^^
  File "/Users/rithv/Data Management/AI Basketball Helper/.venv/lib/python3.12/site-packages/flask/templating.py", line 65, in get_source
    return self._get_source_fast(environment, template)
           ^^^^^^^^^^^^^^^^^^^^^^^^^^^^^^^^^^^^^^^^^^^^
  File "/Users/rithv/Data Management/AI Basketball Helper/.venv/lib/python3.12/site-packages/flask/templating.py", line 99, in _get_source_fast
    raise TemplateNotFound(template)
jinja2.exceptions.TemplateNotFound: index.html
2024-12-06 13:36:53,483 ERROR: Server Error: 500 Internal Server Error: The server encountered an internal error and was unable to complete your request. Either the server is overloaded or there is an error in the application. [in /Users/rithv/Data Management/AI Basketball Helper/src/app.py:127]
2024-12-06 13:48:35,337 INFO: Basketball Betting Helper startup [in /Users/rithv/Data Management/AI Basketball Helper/src/app.py:25]
2024-12-06 13:48:37,496 INFO: Basketball Betting Helper startup [in /Users/rithv/Data Management/AI Basketball Helper/src/app.py:25]
2024-12-06 13:50:20,395 INFO: Basketball Betting Helper startup [in /Users/rithv/Data Management/AI Basketball Helper/src/app.py:25]
2024-12-06 13:50:23,160 INFO: Basketball Betting Helper startup [in /Users/rithv/Data Management/AI Basketball Helper/src/app.py:25]
2024-12-06 13:51:47,149 INFO: Basketball Betting Helper startup [in /Users/rithv/Data Management/AI Basketball Helper/src/app.py:25]
2024-12-06 13:51:48,914 INFO: Basketball Betting Helper startup [in /Users/rithv/Data Management/AI Basketball Helper/src/app.py:25]
